<?xml version="1.0" encoding="UTF-8"?>
<testng-results skipped="0" failed="0" ignored="0" total="1" passed="1">
  <reporter-output>
    <line>
      <![CDATA[title is matching]]>
    </line>
  </reporter-output>
  <suite name="Default suite" duration-ms="10025" started-at="2018-05-08T04:38:36Z" finished-at="2018-05-08T04:38:46Z">
    <groups>
    </groups>
    <test name="Default test" duration-ms="10025" started-at="2018-05-08T04:38:36Z" finished-at="2018-05-08T04:38:46Z">
      <class name="com.test.Logintest">
        <test-method status="PASS" signature="beforeConfig()[pri:0, instance:com.test.Logintest@1593948d]" name="beforeConfig" is-config="true" duration-ms="6208" started-at="2018-05-08T10:08:36Z" finished-at="2018-05-08T10:08:43Z">
          <reporter-output>
          </reporter-output>
        </test-method> <!-- beforeConfig -->
        <test-method status="PASS" signature="login_test()[pri:0, instance:com.test.Logintest@1593948d]" name="login_test" duration-ms="3632" started-at="2018-05-08T10:08:43Z" finished-at="2018-05-08T10:08:46Z">
          <reporter-output>
            <line>
              <![CDATA[title is matching]]>
            </line>
          </reporter-output>
        </test-method> <!-- login_test -->
        <test-method status="PASS" signature="afterConfig()[pri:0, instance:com.test.Logintest@1593948d]" name="afterConfig" is-config="true" duration-ms="163" started-at="2018-05-08T10:08:46Z" finished-at="2018-05-08T10:08:46Z">
          <reporter-output>
          </reporter-output>
        </test-method> <!-- afterConfig -->
      </class> <!-- com.test.Logintest -->
    </test> <!-- Default test -->
  </suite> <!-- Default suite -->
</testng-results>
